2018-01-08 22:08:39.101 INFO   main com.github.xbynet.Application.logStarting Starting Application on taojw-PC with PID 135816 (E:\test-111\proj-base-springboot\target\classes started by taojw in E:\test-111\proj-base-springboot)
2018-01-08 22:08:39.107 INFO   main com.github.xbynet.Application.logStartupProfileInfo No active profile set, falling back to default profiles: default
2018-01-08 22:08:39.367 INFO   background-preinit org.hibernate.validator.internal.util.Version.<clinit> HV000001: Hibernate Validator 5.3.6.Final
2018-01-08 22:08:42.110 INFO   main org.apache.catalina.core.StandardService.log Starting service [Tomcat]
2018-01-08 22:08:42.112 INFO   main org.apache.catalina.core.StandardEngine.log Starting Servlet Engine: Apache Tomcat/8.5.23
2018-01-08 22:08:42.298 INFO   localhost-startStop-1 org.apache.catalina.core.ContainerBase.[Tomcat].[localhost].[/].log Initializing Spring embedded WebApplicationContext
2018-01-08 22:08:43.056 INFO   main org.hibernate.jpa.internal.util.LogHelper.logPersistenceUnitInformation HHH000204: Processing PersistenceUnitInfo [
	name: default
	...]
2018-01-08 22:08:43.158 INFO   main org.hibernate.Version.logVersion HHH000412: Hibernate Core {5.0.12.Final}
2018-01-08 22:08:43.161 INFO   main org.hibernate.cfg.Environment.<clinit> HHH000206: hibernate.properties not found
2018-01-08 22:08:43.162 INFO   main org.hibernate.cfg.Environment.buildBytecodeProvider HHH000021: Bytecode provider name : javassist
2018-01-08 22:08:43.233 INFO   main org.hibernate.annotations.common.Version.<clinit> HCANN000001: Hibernate Commons Annotations {5.0.1.Final}
2018-01-08 22:08:43.659 INFO   main com.alibaba.druid.pool.DruidDataSource.init {dataSource-1} inited
2018-01-08 22:39:23.254 INFO   main com.github.xbynet.Application.logStarting Starting Application on taojw-PC with PID 140044 (E:\test-111\proj-base-springboot\target\classes started by taojw in E:\test-111\proj-base-springboot)
2018-01-08 22:39:23.262 INFO   main com.github.xbynet.Application.logStartupProfileInfo The following profiles are active: dev
2018-01-08 22:39:23.601 INFO   background-preinit org.hibernate.validator.internal.util.Version.<clinit> HV000001: Hibernate Validator 5.3.6.Final
2018-01-08 22:39:26.968 INFO   main org.apache.catalina.core.StandardService.log Starting service [Tomcat]
2018-01-08 22:39:26.969 INFO   main org.apache.catalina.core.StandardEngine.log Starting Servlet Engine: Apache Tomcat/8.5.23
2018-01-08 22:39:27.133 INFO   localhost-startStop-1 org.apache.catalina.core.ContainerBase.[Tomcat].[localhost].[/].log Initializing Spring embedded WebApplicationContext
2018-01-08 22:39:27.962 INFO   main com.alibaba.druid.pool.DruidDataSource.init {dataSource-1} inited
2018-01-08 22:44:02.148 INFO   main com.github.xbynet.Application.logStarting Starting Application on taojw-PC with PID 9168 (E:\test-111\proj-base-springboot\target\classes started by taojw in E:\test-111\proj-base-springboot)
2018-01-08 22:44:02.154 INFO   main com.github.xbynet.Application.logStartupProfileInfo The following profiles are active: dev
2018-01-08 22:44:02.442 INFO   background-preinit org.hibernate.validator.internal.util.Version.<clinit> HV000001: Hibernate Validator 5.3.6.Final
2018-01-08 22:44:05.686 INFO   main org.apache.catalina.core.StandardService.log Starting service [Tomcat]
2018-01-08 22:44:05.688 INFO   main org.apache.catalina.core.StandardEngine.log Starting Servlet Engine: Apache Tomcat/8.5.23
2018-01-08 22:44:05.830 INFO   localhost-startStop-1 org.apache.catalina.core.ContainerBase.[Tomcat].[localhost].[/].log Initializing Spring embedded WebApplicationContext
2018-01-08 22:44:06.342 INFO   main org.apache.catalina.core.StandardService.log Stopping service [Tomcat]
2018-01-08 22:46:48.868 INFO   main com.github.xbynet.Application.logStarting Starting Application on taojw-PC with PID 9772 (E:\test-111\proj-base-springboot\target\classes started by taojw in E:\test-111\proj-base-springboot)
2018-01-08 22:46:48.874 INFO   main com.github.xbynet.Application.logStartupProfileInfo The following profiles are active: dev
2018-01-08 22:46:49.179 INFO   background-preinit org.hibernate.validator.internal.util.Version.<clinit> HV000001: Hibernate Validator 5.3.6.Final
2018-01-08 22:46:51.924 INFO   main org.apache.catalina.core.StandardService.log Starting service [Tomcat]
2018-01-08 22:46:51.926 INFO   main org.apache.catalina.core.StandardEngine.log Starting Servlet Engine: Apache Tomcat/8.5.23
2018-01-08 22:46:52.094 INFO   localhost-startStop-1 org.apache.catalina.core.ContainerBase.[Tomcat].[localhost].[/].log Initializing Spring embedded WebApplicationContext
2018-01-08 22:46:52.633 INFO   main org.apache.catalina.core.StandardService.log Stopping service [Tomcat]
2018-01-08 22:59:17.931 INFO   main com.github.xbynet.Application.logStarting Starting Application on taojw-PC with PID 124400 (E:\test-111\proj-base-springboot\target\classes started by taojw in E:\test-111\proj-base-springboot)
2018-01-08 22:59:17.936 INFO   main com.github.xbynet.Application.logStartupProfileInfo The following profiles are active: dev
2018-01-08 22:59:18.270 INFO   background-preinit org.hibernate.validator.internal.util.Version.<clinit> HV000001: Hibernate Validator 5.3.6.Final
2018-01-08 22:59:22.256 INFO   main org.apache.catalina.core.StandardService.log Starting service [Tomcat]
2018-01-08 22:59:22.259 INFO   main org.apache.catalina.core.StandardEngine.log Starting Servlet Engine: Apache Tomcat/8.5.23
2018-01-08 22:59:22.485 INFO   localhost-startStop-1 org.apache.catalina.core.ContainerBase.[Tomcat].[localhost].[/].log Initializing Spring embedded WebApplicationContext
2018-01-08 22:59:23.488 INFO   main com.alibaba.druid.pool.DruidDataSource.init {dataSource-1} inited
2018-01-08 23:03:33.709 INFO   main com.github.xbynet.Application.logStarting Starting Application on taojw-PC with PID 127088 (E:\test-111\proj-base-springboot\target\classes started by taojw in E:\test-111\proj-base-springboot)
2018-01-08 23:03:33.715 INFO   main com.github.xbynet.Application.logStartupProfileInfo The following profiles are active: dev
2018-01-08 23:03:34.013 INFO   background-preinit org.hibernate.validator.internal.util.Version.<clinit> HV000001: Hibernate Validator 5.3.6.Final
2018-01-08 23:03:37.622 INFO   main org.apache.catalina.core.StandardService.log Starting service [Tomcat]
2018-01-08 23:03:37.624 INFO   main org.apache.catalina.core.StandardEngine.log Starting Servlet Engine: Apache Tomcat/8.5.23
2018-01-08 23:03:37.807 INFO   localhost-startStop-1 org.apache.catalina.core.ContainerBase.[Tomcat].[localhost].[/].log Initializing Spring embedded WebApplicationContext
2018-01-08 23:03:38.467 INFO   main org.apache.catalina.core.StandardService.log Stopping service [Tomcat]
2018-01-08 23:17:14.214 INFO   main com.github.xbynet.Application.logStarting Starting Application on taojw-PC with PID 128784 (E:\test-111\proj-base-springboot\target\classes started by taojw in E:\test-111\proj-base-springboot)
2018-01-08 23:17:14.219 INFO   main com.github.xbynet.Application.logStartupProfileInfo The following profiles are active: dev
2018-01-08 23:17:14.506 INFO   background-preinit org.hibernate.validator.internal.util.Version.<clinit> HV000001: Hibernate Validator 5.3.6.Final
2018-01-08 23:17:16.636 INFO   main org.apache.catalina.core.StandardService.log Starting service [Tomcat]
2018-01-08 23:17:16.639 INFO   main org.apache.catalina.core.StandardEngine.log Starting Servlet Engine: Apache Tomcat/8.5.23
2018-01-08 23:17:16.736 INFO   localhost-startStop-1 org.apache.catalina.core.ContainerBase.[Tomcat].[localhost].[/].log Initializing Spring embedded WebApplicationContext
2018-01-08 23:17:17.218 INFO   main com.alibaba.druid.pool.DruidDataSource.init {dataSource-1} inited
2018-01-08 23:18:15.375 INFO   main com.github.xbynet.Application.logStarting Starting Application on taojw-PC with PID 108540 (E:\test-111\proj-base-springboot\target\classes started by taojw in E:\test-111\proj-base-springboot)
2018-01-08 23:18:15.379 INFO   main com.github.xbynet.Application.logStartupProfileInfo The following profiles are active: dev
2018-01-08 23:18:15.515 INFO   background-preinit org.hibernate.validator.internal.util.Version.<clinit> HV000001: Hibernate Validator 5.3.6.Final
2018-01-08 23:18:17.516 INFO   main org.apache.catalina.core.StandardService.log Starting service [Tomcat]
2018-01-08 23:18:17.517 INFO   main org.apache.catalina.core.StandardEngine.log Starting Servlet Engine: Apache Tomcat/8.5.23
2018-01-08 23:18:17.605 INFO   localhost-startStop-1 org.apache.catalina.core.ContainerBase.[Tomcat].[localhost].[/].log Initializing Spring embedded WebApplicationContext
2018-01-08 23:18:18.043 INFO   main com.alibaba.druid.pool.DruidDataSource.init {dataSource-1} inited
2018-01-08 23:18:18.192 INFO   main org.hibernate.jpa.internal.util.LogHelper.logPersistenceUnitInformation HHH000204: Processing PersistenceUnitInfo [
	name: default
	...]
2018-01-08 23:18:18.292 INFO   main org.hibernate.Version.logVersion HHH000412: Hibernate Core {5.0.12.Final}
2018-01-08 23:18:18.294 INFO   main org.hibernate.cfg.Environment.<clinit> HHH000206: hibernate.properties not found
2018-01-08 23:18:18.296 INFO   main org.hibernate.cfg.Environment.buildBytecodeProvider HHH000021: Bytecode provider name : javassist
2018-01-08 23:18:18.354 INFO   main org.hibernate.annotations.common.Version.<clinit> HCANN000001: Hibernate Commons Annotations {5.0.1.Final}
2018-01-08 23:18:18.370 INFO   main org.hibernate.dialect.Dialect.<init> HHH000400: Using dialect: org.hibernate.dialect.SQLiteDialect
2018-01-08 23:18:18.636 INFO   main org.hibernate.dialect.Dialect.<init> HHH000400: Using dialect: org.hibernate.dialect.SQLiteDialect
2018-01-08 23:18:18.657 INFO   main org.hibernate.engine.jdbc.env.internal.LobCreatorBuilderImpl.useContextualLobCreation HHH000423: Disabling contextual LOB creation as JDBC driver reported JDBC version [2] less than 4
2018-01-08 23:18:18.803 INFO   main org.hibernate.tool.hbm2ddl.SchemaUpdate.execute HHH000228: Running hbm2ddl schema update
2018-01-08 23:18:18.926 INFO   main com.alibaba.druid.pool.DruidDataSource.close {dataSource-1} closed
2018-01-08 23:18:18.930 INFO   main org.apache.catalina.core.StandardService.log Stopping service [Tomcat]
2018-01-08 23:22:58.807 INFO   main com.github.xbynet.Application.logStarting Starting Application on taojw-PC with PID 140088 (E:\test-111\proj-base-springboot\target\classes started by taojw in E:\test-111\proj-base-springboot)
2018-01-08 23:22:58.812 INFO   main com.github.xbynet.Application.logStartupProfileInfo The following profiles are active: dev
2018-01-08 23:22:58.990 INFO   background-preinit org.hibernate.validator.internal.util.Version.<clinit> HV000001: Hibernate Validator 5.3.6.Final
2018-01-08 23:23:00.777 INFO   main org.apache.catalina.core.StandardService.log Starting service [Tomcat]
2018-01-08 23:23:00.778 INFO   main org.apache.catalina.core.StandardEngine.log Starting Servlet Engine: Apache Tomcat/8.5.23
2018-01-08 23:23:00.878 INFO   localhost-startStop-1 org.apache.catalina.core.ContainerBase.[Tomcat].[localhost].[/].log Initializing Spring embedded WebApplicationContext
2018-01-08 23:23:01.307 INFO   main com.alibaba.druid.pool.DruidDataSource.init {dataSource-1} inited
2018-01-08 23:23:01.442 INFO   main org.hibernate.jpa.internal.util.LogHelper.logPersistenceUnitInformation HHH000204: Processing PersistenceUnitInfo [
	name: default
	...]
2018-01-08 23:23:01.499 INFO   main org.hibernate.Version.logVersion HHH000412: Hibernate Core {5.0.12.Final}
2018-01-08 23:23:01.501 INFO   main org.hibernate.cfg.Environment.<clinit> HHH000206: hibernate.properties not found
2018-01-08 23:23:01.502 INFO   main org.hibernate.cfg.Environment.buildBytecodeProvider HHH000021: Bytecode provider name : javassist
2018-01-08 23:23:01.547 INFO   main org.hibernate.annotations.common.Version.<clinit> HCANN000001: Hibernate Commons Annotations {5.0.1.Final}
2018-01-08 23:23:01.573 INFO   main org.hibernate.dialect.Dialect.<init> HHH000400: Using dialect: org.hibernate.dialect.SQLiteDialect
2018-01-08 23:23:01.790 INFO   main org.hibernate.dialect.Dialect.<init> HHH000400: Using dialect: org.hibernate.dialect.SQLiteDialect
2018-01-08 23:23:01.809 INFO   main org.hibernate.engine.jdbc.env.internal.LobCreatorBuilderImpl.useContextualLobCreation HHH000423: Disabling contextual LOB creation as JDBC driver reported JDBC version [2] less than 4
2018-01-08 23:23:01.920 INFO   main org.hibernate.tool.hbm2ddl.SchemaUpdate.execute HHH000228: Running hbm2ddl schema update
2018-01-08 23:23:03.701 INFO   main org.apache.coyote.http11.Http11NioProtocol.log Initializing ProtocolHandler ["http-nio-8080"]
2018-01-08 23:23:03.709 INFO   main org.apache.coyote.http11.Http11NioProtocol.log Starting ProtocolHandler ["http-nio-8080"]
2018-01-08 23:23:03.718 INFO   main org.apache.tomcat.util.net.NioSelectorPool.log Using a shared selector for servlet write/read
2018-01-08 23:23:03.740 INFO   main com.github.xbynet.Application.logStarted Started Application in 5.347 seconds (JVM running for 6.323)
2018-01-08 23:23:27.053 INFO   main com.github.xbynet.Application.logStarting Starting Application on taojw-PC with PID 40024 (E:\test-111\proj-base-springboot\target\classes started by taojw in E:\test-111\proj-base-springboot)
2018-01-08 23:23:27.057 INFO   main com.github.xbynet.Application.logStartupProfileInfo The following profiles are active: dev
2018-01-08 23:23:27.242 INFO   background-preinit org.hibernate.validator.internal.util.Version.<clinit> HV000001: Hibernate Validator 5.3.6.Final
2018-01-08 23:23:29.098 INFO   main org.apache.catalina.core.StandardService.log Starting service [Tomcat]
2018-01-08 23:23:29.099 INFO   main org.apache.catalina.core.StandardEngine.log Starting Servlet Engine: Apache Tomcat/8.5.23
2018-01-08 23:23:29.181 INFO   localhost-startStop-1 org.apache.catalina.core.ContainerBase.[Tomcat].[localhost].[/].log Initializing Spring embedded WebApplicationContext
2018-01-08 23:23:29.642 INFO   main com.alibaba.druid.pool.DruidDataSource.init {dataSource-1} inited
2018-01-08 23:23:29.774 INFO   main org.hibernate.jpa.internal.util.LogHelper.logPersistenceUnitInformation HHH000204: Processing PersistenceUnitInfo [
	name: default
	...]
2018-01-08 23:23:29.839 INFO   main org.hibernate.Version.logVersion HHH000412: Hibernate Core {5.0.12.Final}
2018-01-08 23:23:29.842 INFO   main org.hibernate.cfg.Environment.<clinit> HHH000206: hibernate.properties not found
2018-01-08 23:23:29.844 INFO   main org.hibernate.cfg.Environment.buildBytecodeProvider HHH000021: Bytecode provider name : javassist
2018-01-08 23:23:29.893 INFO   main org.hibernate.annotations.common.Version.<clinit> HCANN000001: Hibernate Commons Annotations {5.0.1.Final}
2018-01-08 23:23:29.907 INFO   main org.hibernate.dialect.Dialect.<init> HHH000400: Using dialect: org.hibernate.dialect.SQLiteDialect
2018-01-08 23:23:30.117 INFO   main org.hibernate.dialect.Dialect.<init> HHH000400: Using dialect: org.hibernate.dialect.SQLiteDialect
2018-01-08 23:23:30.136 INFO   main org.hibernate.engine.jdbc.env.internal.LobCreatorBuilderImpl.useContextualLobCreation HHH000423: Disabling contextual LOB creation as JDBC driver reported JDBC version [2] less than 4
2018-01-08 23:23:30.247 INFO   main org.hibernate.tool.hbm2ddl.SchemaUpdate.execute HHH000228: Running hbm2ddl schema update
2018-01-08 23:23:31.882 INFO   main org.apache.coyote.http11.Http11NioProtocol.log Initializing ProtocolHandler ["http-nio-8080"]
2018-01-08 23:23:31.891 INFO   main org.apache.coyote.http11.Http11NioProtocol.log Starting ProtocolHandler ["http-nio-8080"]
2018-01-08 23:23:31.901 INFO   main org.apache.tomcat.util.net.NioSelectorPool.log Using a shared selector for servlet write/read
2018-01-08 23:23:31.919 INFO   main com.github.xbynet.Application.logStarted Started Application in 5.289 seconds (JVM running for 6.611)
2018-01-08 23:25:15.344 INFO   main com.github.xbynet.Application.logStarting Starting Application on taojw-PC with PID 132600 (E:\test-111\proj-base-springboot\target\classes started by taojw in E:\test-111\proj-base-springboot)
2018-01-08 23:25:15.349 INFO   main com.github.xbynet.Application.logStartupProfileInfo The following profiles are active: dev
2018-01-08 23:25:15.542 INFO   background-preinit org.hibernate.validator.internal.util.Version.<clinit> HV000001: Hibernate Validator 5.3.6.Final
2018-01-08 23:25:17.414 INFO   main org.apache.catalina.core.StandardService.log Starting service [Tomcat]
2018-01-08 23:25:17.415 INFO   main org.apache.catalina.core.StandardEngine.log Starting Servlet Engine: Apache Tomcat/8.5.23
2018-01-08 23:25:17.497 INFO   localhost-startStop-1 org.apache.catalina.core.ContainerBase.[Tomcat].[localhost].[/].log Initializing Spring embedded WebApplicationContext
2018-01-08 23:25:17.923 INFO   main com.alibaba.druid.pool.DruidDataSource.init {dataSource-1} inited
2018-01-08 23:25:18.057 INFO   main org.hibernate.jpa.internal.util.LogHelper.logPersistenceUnitInformation HHH000204: Processing PersistenceUnitInfo [
	name: default
	...]
2018-01-08 23:25:18.114 INFO   main org.hibernate.Version.logVersion HHH000412: Hibernate Core {5.0.12.Final}
2018-01-08 23:25:18.115 INFO   main org.hibernate.cfg.Environment.<clinit> HHH000206: hibernate.properties not found
2018-01-08 23:25:18.116 INFO   main org.hibernate.cfg.Environment.buildBytecodeProvider HHH000021: Bytecode provider name : javassist
2018-01-08 23:25:18.161 INFO   main org.hibernate.annotations.common.Version.<clinit> HCANN000001: Hibernate Commons Annotations {5.0.1.Final}
2018-01-08 23:25:18.176 INFO   main org.hibernate.dialect.Dialect.<init> HHH000400: Using dialect: org.hibernate.dialect.SQLiteDialect
2018-01-08 23:25:18.390 INFO   main org.hibernate.dialect.Dialect.<init> HHH000400: Using dialect: org.hibernate.dialect.SQLiteDialect
2018-01-08 23:25:18.409 INFO   main org.hibernate.engine.jdbc.env.internal.LobCreatorBuilderImpl.useContextualLobCreation HHH000423: Disabling contextual LOB creation as JDBC driver reported JDBC version [2] less than 4
2018-01-08 23:25:18.570 INFO   main org.hibernate.tool.hbm2ddl.SchemaUpdate.execute HHH000228: Running hbm2ddl schema update
2018-01-08 23:25:20.180 INFO   main org.apache.coyote.http11.Http11NioProtocol.log Initializing ProtocolHandler ["http-nio-8080"]
2018-01-08 23:25:20.188 INFO   main org.apache.coyote.http11.Http11NioProtocol.log Starting ProtocolHandler ["http-nio-8080"]
2018-01-08 23:25:20.197 INFO   main org.apache.tomcat.util.net.NioSelectorPool.log Using a shared selector for servlet write/read
2018-01-08 23:25:20.216 INFO   main com.github.xbynet.Application.logStarted Started Application in 5.28 seconds (JVM running for 6.129)
2018-01-08 23:25:49.869 INFO   http-nio-8080-exec-1 org.apache.tomcat.util.http.parser.Cookie.log A cookie header was received [1513905372,1514190660,1515383130; Hm_lpvt_9f9e6e9198259e7a598474c9df6397dc=1515383419; scroll-cookie=4272.727180118405|/] that contained an invalid cookie. That cookie will be ignored.Note: further occurrences of this error will be logged at DEBUG level.
2018-01-08 23:25:49.877 INFO   http-nio-8080-exec-1 org.apache.catalina.core.ContainerBase.[Tomcat].[localhost].[/].log Initializing Spring FrameworkServlet 'dispatcherServlet'
2018-01-08 23:27:14.999 INFO   main com.github.xbynet.ProjbaseSpringbootApplicationTests.logStarting Starting ProjbaseSpringbootApplicationTests on taojw-PC with PID 136652 (started by taojw in E:\test-111\proj-base-springboot)
2018-01-08 23:27:15.001 INFO   main com.github.xbynet.ProjbaseSpringbootApplicationTests.logStartupProfileInfo The following profiles are active: dev
2018-01-08 23:27:15.326 INFO   background-preinit org.hibernate.validator.internal.util.Version.<clinit> HV000001: Hibernate Validator 5.3.6.Final
2018-01-08 23:27:17.387 INFO   main com.alibaba.druid.pool.DruidDataSource.init {dataSource-1} inited
2018-01-08 23:27:17.736 INFO   main org.hibernate.jpa.internal.util.LogHelper.logPersistenceUnitInformation HHH000204: Processing PersistenceUnitInfo [
	name: default
	...]
2018-01-08 23:27:17.824 INFO   main org.hibernate.Version.logVersion HHH000412: Hibernate Core {5.0.12.Final}
2018-01-08 23:27:17.826 INFO   main org.hibernate.cfg.Environment.<clinit> HHH000206: hibernate.properties not found
2018-01-08 23:27:17.828 INFO   main org.hibernate.cfg.Environment.buildBytecodeProvider HHH000021: Bytecode provider name : javassist
2018-01-08 23:27:17.887 INFO   main org.hibernate.annotations.common.Version.<clinit> HCANN000001: Hibernate Commons Annotations {5.0.1.Final}
2018-01-08 23:27:17.906 INFO   main org.hibernate.dialect.Dialect.<init> HHH000400: Using dialect: org.hibernate.dialect.SQLiteDialect
2018-01-08 23:27:18.078 INFO   main org.hibernate.dialect.Dialect.<init> HHH000400: Using dialect: org.hibernate.dialect.SQLiteDialect
2018-01-08 23:27:18.104 INFO   main org.hibernate.engine.jdbc.env.internal.LobCreatorBuilderImpl.useContextualLobCreation HHH000423: Disabling contextual LOB creation as JDBC driver reported JDBC version [2] less than 4
2018-01-08 23:27:18.256 INFO   main org.hibernate.tool.hbm2ddl.SchemaUpdate.execute HHH000228: Running hbm2ddl schema update
2018-01-08 23:27:20.685 INFO   main com.github.xbynet.ProjbaseSpringbootApplicationTests.logStarted Started ProjbaseSpringbootApplicationTests in 6.03 seconds (JVM running for 6.799)
2018-01-08 23:27:20.773 INFO   Thread-2 com.alibaba.druid.pool.DruidDataSource.close {dataSource-1} closed
2018-01-08 23:31:29.716 INFO   main com.github.xbynet.Application.logStarting Starting Application on taojw-PC with PID 131832 (E:\test-111\proj-base-springboot\target\classes started by taojw in E:\test-111\proj-base-springboot)
2018-01-08 23:31:29.720 INFO   main com.github.xbynet.Application.logStartupProfileInfo The following profiles are active: dev
2018-01-08 23:31:29.883 INFO   background-preinit org.hibernate.validator.internal.util.Version.<clinit> HV000001: Hibernate Validator 5.3.6.Final
2018-01-08 23:31:31.531 INFO   main org.apache.catalina.core.StandardService.log Starting service [Tomcat]
2018-01-08 23:31:31.532 INFO   main org.apache.catalina.core.StandardEngine.log Starting Servlet Engine: Apache Tomcat/8.5.23
2018-01-08 23:31:31.624 INFO   localhost-startStop-1 org.apache.catalina.core.ContainerBase.[Tomcat].[localhost].[/].log Initializing Spring embedded WebApplicationContext
2018-01-08 23:31:32.050 INFO   main com.alibaba.druid.pool.DruidDataSource.init {dataSource-1} inited
2018-01-08 23:31:32.188 INFO   main org.hibernate.jpa.internal.util.LogHelper.logPersistenceUnitInformation HHH000204: Processing PersistenceUnitInfo [
	name: default
	...]
2018-01-08 23:31:32.249 INFO   main org.hibernate.Version.logVersion HHH000412: Hibernate Core {5.0.12.Final}
2018-01-08 23:31:32.251 INFO   main org.hibernate.cfg.Environment.<clinit> HHH000206: hibernate.properties not found
2018-01-08 23:31:32.253 INFO   main org.hibernate.cfg.Environment.buildBytecodeProvider HHH000021: Bytecode provider name : javassist
2018-01-08 23:31:32.294 INFO   main org.hibernate.annotations.common.Version.<clinit> HCANN000001: Hibernate Commons Annotations {5.0.1.Final}
2018-01-08 23:31:32.305 INFO   main org.hibernate.dialect.Dialect.<init> HHH000400: Using dialect: org.hibernate.dialect.SQLiteDialect
2018-01-08 23:31:32.511 INFO   main org.hibernate.dialect.Dialect.<init> HHH000400: Using dialect: org.hibernate.dialect.SQLiteDialect
2018-01-08 23:31:32.530 INFO   main org.hibernate.engine.jdbc.env.internal.LobCreatorBuilderImpl.useContextualLobCreation HHH000423: Disabling contextual LOB creation as JDBC driver reported JDBC version [2] less than 4
2018-01-08 23:31:32.641 INFO   main org.hibernate.tool.hbm2ddl.SchemaUpdate.execute HHH000228: Running hbm2ddl schema update
2018-01-08 23:31:34.314 INFO   main org.apache.coyote.http11.Http11NioProtocol.log Initializing ProtocolHandler ["http-nio-8080"]
2018-01-08 23:31:34.323 INFO   main org.apache.coyote.http11.Http11NioProtocol.log Starting ProtocolHandler ["http-nio-8080"]
2018-01-08 23:31:34.332 INFO   main org.apache.tomcat.util.net.NioSelectorPool.log Using a shared selector for servlet write/read
2018-01-08 23:31:34.351 INFO   main com.github.xbynet.Application.logStarted Started Application in 5.117 seconds (JVM running for 6.006)
2018-01-08 23:38:14.589 INFO   main com.github.xbynet.Application.logStarting Starting Application on taojw-PC with PID 96996 (E:\test-111\proj-base-springboot\target\classes started by taojw in E:\test-111\proj-base-springboot)
2018-01-08 23:38:14.594 INFO   main com.github.xbynet.Application.logStartupProfileInfo The following profiles are active: dev
2018-01-08 23:38:14.767 INFO   background-preinit org.hibernate.validator.internal.util.Version.<clinit> HV000001: Hibernate Validator 5.3.6.Final
2018-01-08 23:38:16.360 INFO   main org.apache.catalina.core.StandardService.log Starting service [Tomcat]
2018-01-08 23:38:16.361 INFO   main org.apache.catalina.core.StandardEngine.log Starting Servlet Engine: Apache Tomcat/8.5.23
2018-01-08 23:38:16.446 INFO   localhost-startStop-1 org.apache.catalina.core.ContainerBase.[Tomcat].[localhost].[/].log Initializing Spring embedded WebApplicationContext
2018-01-08 23:38:16.882 INFO   main com.alibaba.druid.pool.DruidDataSource.init {dataSource-1} inited
2018-01-08 23:38:17.021 INFO   main org.hibernate.jpa.internal.util.LogHelper.logPersistenceUnitInformation HHH000204: Processing PersistenceUnitInfo [
	name: default
	...]
2018-01-08 23:38:17.083 INFO   main org.hibernate.Version.logVersion HHH000412: Hibernate Core {5.0.12.Final}
2018-01-08 23:38:17.085 INFO   main org.hibernate.cfg.Environment.<clinit> HHH000206: hibernate.properties not found
2018-01-08 23:38:17.087 INFO   main org.hibernate.cfg.Environment.buildBytecodeProvider HHH000021: Bytecode provider name : javassist
2018-01-08 23:38:17.128 INFO   main org.hibernate.annotations.common.Version.<clinit> HCANN000001: Hibernate Commons Annotations {5.0.1.Final}
2018-01-08 23:38:17.139 INFO   main org.hibernate.dialect.Dialect.<init> HHH000400: Using dialect: org.hibernate.dialect.SQLiteDialect
2018-01-08 23:38:17.375 INFO   main org.hibernate.dialect.Dialect.<init> HHH000400: Using dialect: org.hibernate.dialect.SQLiteDialect
2018-01-08 23:38:17.396 INFO   main org.hibernate.engine.jdbc.env.internal.LobCreatorBuilderImpl.useContextualLobCreation HHH000423: Disabling contextual LOB creation as JDBC driver reported JDBC version [2] less than 4
2018-01-08 23:38:17.723 INFO   main org.hibernate.tool.hbm2ddl.SchemaUpdate.execute HHH000228: Running hbm2ddl schema update
2018-01-08 23:38:17.731 INFO   main org.hibernate.tool.schema.extract.internal.InformationExtractorJdbcDatabaseMetaDataImpl.processGetTableResults HHH000262: Table not found: tes
2018-01-08 23:38:19.579 INFO   main org.apache.coyote.http11.Http11NioProtocol.log Initializing ProtocolHandler ["http-nio-8080"]
2018-01-08 23:38:19.587 INFO   main org.apache.coyote.http11.Http11NioProtocol.log Starting ProtocolHandler ["http-nio-8080"]
2018-01-08 23:38:19.597 INFO   main org.apache.tomcat.util.net.NioSelectorPool.log Using a shared selector for servlet write/read
2018-01-08 23:38:19.617 INFO   main com.github.xbynet.Application.logStarted Started Application in 5.465 seconds (JVM running for 6.309)
2018-01-08 23:39:31.986 INFO   main com.github.xbynet.Application.logStarting Starting Application on taojw-PC with PID 119540 (E:\test-111\proj-base-springboot\target\classes started by taojw in E:\test-111\proj-base-springboot)
2018-01-08 23:39:31.991 INFO   main com.github.xbynet.Application.logStartupProfileInfo The following profiles are active: dev
2018-01-08 23:39:32.173 INFO   background-preinit org.hibernate.validator.internal.util.Version.<clinit> HV000001: Hibernate Validator 5.3.6.Final
2018-01-08 23:39:33.764 INFO   main org.apache.catalina.core.StandardService.log Starting service [Tomcat]
2018-01-08 23:39:33.765 INFO   main org.apache.catalina.core.StandardEngine.log Starting Servlet Engine: Apache Tomcat/8.5.23
2018-01-08 23:39:33.849 INFO   localhost-startStop-1 org.apache.catalina.core.ContainerBase.[Tomcat].[localhost].[/].log Initializing Spring embedded WebApplicationContext
2018-01-08 23:39:49.075 INFO   main com.alibaba.druid.pool.DruidDataSource.init {dataSource-1} inited
2018-01-08 23:39:49.180 INFO   main org.hibernate.jpa.internal.util.LogHelper.logPersistenceUnitInformation HHH000204: Processing PersistenceUnitInfo [
	name: default
	...]
2018-01-08 23:39:49.248 INFO   main org.hibernate.Version.logVersion HHH000412: Hibernate Core {5.0.12.Final}
2018-01-08 23:39:49.249 INFO   main org.hibernate.cfg.Environment.<clinit> HHH000206: hibernate.properties not found
2018-01-08 23:39:49.251 INFO   main org.hibernate.cfg.Environment.buildBytecodeProvider HHH000021: Bytecode provider name : javassist
2018-01-08 23:39:49.298 INFO   main org.hibernate.annotations.common.Version.<clinit> HCANN000001: Hibernate Commons Annotations {5.0.1.Final}
2018-01-08 23:39:49.313 INFO   main org.hibernate.dialect.Dialect.<init> HHH000400: Using dialect: org.hibernate.dialect.SQLiteDialect
2018-01-08 23:39:49.516 INFO   main org.hibernate.dialect.Dialect.<init> HHH000400: Using dialect: org.hibernate.dialect.SQLiteDialect
2018-01-08 23:39:49.538 INFO   main org.hibernate.engine.jdbc.env.internal.LobCreatorBuilderImpl.useContextualLobCreation HHH000423: Disabling contextual LOB creation as JDBC driver reported JDBC version [2] less than 4
2018-01-08 23:39:49.863 INFO   main org.hibernate.tool.hbm2ddl.SchemaUpdate.execute HHH000228: Running hbm2ddl schema update
2018-01-08 23:39:49.874 INFO   main com.alibaba.druid.pool.DruidDataSource.close {dataSource-1} closed
2018-01-08 23:39:49.877 INFO   main org.apache.catalina.core.StandardService.log Stopping service [Tomcat]
2018-01-08 23:40:52.570 INFO   main com.github.xbynet.Application.logStarting Starting Application on taojw-PC with PID 139360 (E:\test-111\proj-base-springboot\target\classes started by taojw in E:\test-111\proj-base-springboot)
2018-01-08 23:40:52.576 INFO   main com.github.xbynet.Application.logStartupProfileInfo The following profiles are active: dev
2018-01-08 23:40:52.746 INFO   background-preinit org.hibernate.validator.internal.util.Version.<clinit> HV000001: Hibernate Validator 5.3.6.Final
2018-01-08 23:40:54.306 INFO   main org.apache.catalina.core.StandardService.log Starting service [Tomcat]
2018-01-08 23:40:54.307 INFO   main org.apache.catalina.core.StandardEngine.log Starting Servlet Engine: Apache Tomcat/8.5.23
2018-01-08 23:40:54.395 INFO   localhost-startStop-1 org.apache.catalina.core.ContainerBase.[Tomcat].[localhost].[/].log Initializing Spring embedded WebApplicationContext
2018-01-08 23:40:54.838 INFO   main com.alibaba.druid.pool.DruidDataSource.init {dataSource-1} inited
2018-01-08 23:40:54.995 INFO   main org.hibernate.jpa.internal.util.LogHelper.logPersistenceUnitInformation HHH000204: Processing PersistenceUnitInfo [
	name: default
	...]
2018-01-08 23:40:55.052 INFO   main org.hibernate.Version.logVersion HHH000412: Hibernate Core {5.0.12.Final}
2018-01-08 23:40:55.054 INFO   main org.hibernate.cfg.Environment.<clinit> HHH000206: hibernate.properties not found
2018-01-08 23:40:55.055 INFO   main org.hibernate.cfg.Environment.buildBytecodeProvider HHH000021: Bytecode provider name : javassist
2018-01-08 23:40:55.092 INFO   main org.hibernate.annotations.common.Version.<clinit> HCANN000001: Hibernate Commons Annotations {5.0.1.Final}
2018-01-08 23:40:55.102 INFO   main org.hibernate.dialect.Dialect.<init> HHH000400: Using dialect: org.hibernate.dialect.SQLiteDialect
2018-01-08 23:40:55.309 INFO   main org.hibernate.dialect.Dialect.<init> HHH000400: Using dialect: org.hibernate.dialect.SQLiteDialect
2018-01-08 23:40:55.328 INFO   main org.hibernate.engine.jdbc.env.internal.LobCreatorBuilderImpl.useContextualLobCreation HHH000423: Disabling contextual LOB creation as JDBC driver reported JDBC version [2] less than 4
2018-01-08 23:40:55.682 INFO   main org.hibernate.tool.hbm2ddl.SchemaUpdate.execute HHH000228: Running hbm2ddl schema update
2018-01-08 23:40:55.694 INFO   main com.alibaba.druid.pool.DruidDataSource.close {dataSource-1} closed
2018-01-08 23:40:55.696 INFO   main org.apache.catalina.core.StandardService.log Stopping service [Tomcat]
2018-01-08 23:55:10.179 INFO   main com.github.xbynet.Application.logStarting Starting Application on taojw-PC with PID 121920 (E:\test-111\proj-base-springboot\target\classes started by taojw in E:\test-111\proj-base-springboot)
2018-01-08 23:55:10.183 INFO   main com.github.xbynet.Application.logStartupProfileInfo The following profiles are active: dev
2018-01-08 23:55:10.350 INFO   background-preinit org.hibernate.validator.internal.util.Version.<clinit> HV000001: Hibernate Validator 5.3.6.Final
2018-01-08 23:55:12.208 INFO   main org.apache.catalina.core.StandardService.log Starting service [Tomcat]
2018-01-08 23:55:12.209 INFO   main org.apache.catalina.core.StandardEngine.log Starting Servlet Engine: Apache Tomcat/8.5.23
2018-01-08 23:55:12.297 INFO   localhost-startStop-1 org.apache.catalina.core.ContainerBase.[Tomcat].[localhost].[/].log Initializing Spring embedded WebApplicationContext
2018-01-08 23:55:12.729 INFO   main com.alibaba.druid.pool.DruidDataSource.init {dataSource-1} inited
2018-01-08 23:55:12.867 INFO   main org.hibernate.jpa.internal.util.LogHelper.logPersistenceUnitInformation HHH000204: Processing PersistenceUnitInfo [
	name: default
	...]
2018-01-08 23:55:12.924 INFO   main org.hibernate.Version.logVersion HHH000412: Hibernate Core {5.0.12.Final}
2018-01-08 23:55:12.925 INFO   main org.hibernate.cfg.Environment.<clinit> HHH000206: hibernate.properties not found
2018-01-08 23:55:12.926 INFO   main org.hibernate.cfg.Environment.buildBytecodeProvider HHH000021: Bytecode provider name : javassist
2018-01-08 23:55:12.963 INFO   main org.hibernate.annotations.common.Version.<clinit> HCANN000001: Hibernate Commons Annotations {5.0.1.Final}
2018-01-08 23:55:12.975 INFO   main org.hibernate.dialect.Dialect.<init> HHH000400: Using dialect: org.hibernate.dialect.SQLiteDialect
2018-01-08 23:55:13.192 INFO   main org.hibernate.dialect.Dialect.<init> HHH000400: Using dialect: org.hibernate.dialect.SQLiteDialect
2018-01-08 23:55:13.212 INFO   main org.hibernate.engine.jdbc.env.internal.LobCreatorBuilderImpl.useContextualLobCreation HHH000423: Disabling contextual LOB creation as JDBC driver reported JDBC version [2] less than 4
2018-01-08 23:55:13.533 INFO   main org.hibernate.tool.hbm2ddl.SchemaUpdate.execute HHH000228: Running hbm2ddl schema update
2018-01-08 23:55:15.202 INFO   main org.apache.coyote.http11.Http11NioProtocol.log Initializing ProtocolHandler ["http-nio-8080"]
2018-01-08 23:55:15.211 INFO   main org.apache.coyote.http11.Http11NioProtocol.log Starting ProtocolHandler ["http-nio-8080"]
2018-01-08 23:55:15.222 INFO   main org.apache.tomcat.util.net.NioSelectorPool.log Using a shared selector for servlet write/read
2018-01-08 23:55:15.241 INFO   main com.github.xbynet.Application.logStarted Started Application in 5.459 seconds (JVM running for 6.306)
