2018-01-09 00:00:33.734 INFO   main com.github.xbynet.Application.logStarting Starting Application on taojw-PC with PID 135144 (E:\test-111\proj-base-springboot\target\classes started by taojw in E:\test-111\proj-base-springboot)
2018-01-09 00:00:33.742 INFO   main com.github.xbynet.Application.logStartupProfileInfo The following profiles are active: dev
2018-01-09 00:00:33.941 INFO   background-preinit org.hibernate.validator.internal.util.Version.<clinit> HV000001: Hibernate Validator 5.3.6.Final
2018-01-09 00:00:35.935 INFO   main org.apache.catalina.core.StandardService.log Starting service [Tomcat]
2018-01-09 00:00:35.936 INFO   main org.apache.catalina.core.StandardEngine.log Starting Servlet Engine: Apache Tomcat/8.5.23
2018-01-09 00:00:36.033 INFO   localhost-startStop-1 org.apache.catalina.core.ContainerBase.[Tomcat].[localhost].[/].log Initializing Spring embedded WebApplicationContext
2018-01-09 00:00:36.462 INFO   main com.alibaba.druid.pool.DruidDataSource.init {dataSource-1} inited
2018-01-09 00:00:36.599 INFO   main org.hibernate.jpa.internal.util.LogHelper.logPersistenceUnitInformation HHH000204: Processing PersistenceUnitInfo [
	name: default
	...]
2018-01-09 00:00:36.655 INFO   main org.hibernate.Version.logVersion HHH000412: Hibernate Core {5.0.12.Final}
2018-01-09 00:00:36.656 INFO   main org.hibernate.cfg.Environment.<clinit> HHH000206: hibernate.properties not found
2018-01-09 00:00:36.657 INFO   main org.hibernate.cfg.Environment.buildBytecodeProvider HHH000021: Bytecode provider name : javassist
2018-01-09 00:00:36.692 INFO   main org.hibernate.annotations.common.Version.<clinit> HCANN000001: Hibernate Commons Annotations {5.0.1.Final}
2018-01-09 00:00:36.707 INFO   main org.hibernate.dialect.Dialect.<init> HHH000400: Using dialect: org.hibernate.dialect.SQLiteDialect
2018-01-09 00:00:36.914 INFO   main org.hibernate.dialect.Dialect.<init> HHH000400: Using dialect: org.hibernate.dialect.SQLiteDialect
2018-01-09 00:00:36.936 INFO   main org.hibernate.engine.jdbc.env.internal.LobCreatorBuilderImpl.useContextualLobCreation HHH000423: Disabling contextual LOB creation as JDBC driver reported JDBC version [2] less than 4
2018-01-09 00:00:37.250 INFO   main org.hibernate.tool.hbm2ddl.SchemaUpdate.execute HHH000228: Running hbm2ddl schema update
2018-01-09 00:00:38.876 INFO   main org.apache.coyote.http11.Http11NioProtocol.log Initializing ProtocolHandler ["http-nio-8080"]
2018-01-09 00:00:38.884 INFO   main org.apache.coyote.http11.Http11NioProtocol.log Starting ProtocolHandler ["http-nio-8080"]
2018-01-09 00:00:38.894 INFO   main org.apache.tomcat.util.net.NioSelectorPool.log Using a shared selector for servlet write/read
2018-01-09 00:00:38.912 INFO   main com.github.xbynet.Application.logStarted Started Application in 5.575 seconds (JVM running for 6.362)
2018-01-09 00:01:26.724 INFO   main com.github.xbynet.Application.logStarting Starting Application on taojw-PC with PID 134604 (E:\test-111\proj-base-springboot\target\classes started by taojw in E:\test-111\proj-base-springboot)
2018-01-09 00:01:26.728 INFO   main com.github.xbynet.Application.logStartupProfileInfo The following profiles are active: dev
2018-01-09 00:01:26.905 INFO   background-preinit org.hibernate.validator.internal.util.Version.<clinit> HV000001: Hibernate Validator 5.3.6.Final
2018-01-09 00:06:22.166 INFO   main com.github.xbynet.Application.logStarting Starting Application on taojw-PC with PID 127832 (E:\test-111\proj-base-springboot\target\classes started by taojw in E:\test-111\proj-base-springboot)
2018-01-09 00:06:22.169 INFO   main com.github.xbynet.Application.logStartupProfileInfo The following profiles are active: dev
2018-01-09 00:06:22.342 INFO   background-preinit org.hibernate.validator.internal.util.Version.<clinit> HV000001: Hibernate Validator 5.3.6.Final
2018-01-09 00:06:23.889 INFO   main org.apache.catalina.core.StandardService.log Starting service [Tomcat]
2018-01-09 00:06:23.890 INFO   main org.apache.catalina.core.StandardEngine.log Starting Servlet Engine: Apache Tomcat/8.5.23
2018-01-09 00:06:23.974 INFO   localhost-startStop-1 org.apache.catalina.core.ContainerBase.[Tomcat].[localhost].[/].log Initializing Spring embedded WebApplicationContext
2018-01-09 00:06:24.417 INFO   main com.alibaba.druid.pool.DruidDataSource.init {dataSource-1} inited
2018-01-09 00:06:24.551 INFO   main org.hibernate.jpa.internal.util.LogHelper.logPersistenceUnitInformation HHH000204: Processing PersistenceUnitInfo [
	name: default
	...]
2018-01-09 00:06:24.608 INFO   main org.hibernate.Version.logVersion HHH000412: Hibernate Core {5.0.12.Final}
2018-01-09 00:06:24.609 INFO   main org.hibernate.cfg.Environment.<clinit> HHH000206: hibernate.properties not found
2018-01-09 00:06:24.610 INFO   main org.hibernate.cfg.Environment.buildBytecodeProvider HHH000021: Bytecode provider name : javassist
2018-01-09 00:06:24.646 INFO   main org.hibernate.annotations.common.Version.<clinit> HCANN000001: Hibernate Commons Annotations {5.0.1.Final}
2018-01-09 00:06:24.658 INFO   main org.hibernate.dialect.Dialect.<init> HHH000400: Using dialect: org.hibernate.dialect.SQLiteDialect
2018-01-09 00:06:24.913 INFO   main org.hibernate.dialect.Dialect.<init> HHH000400: Using dialect: org.hibernate.dialect.SQLiteDialect
2018-01-09 00:06:24.945 INFO   main org.hibernate.engine.jdbc.env.internal.LobCreatorBuilderImpl.useContextualLobCreation HHH000423: Disabling contextual LOB creation as JDBC driver reported JDBC version [2] less than 4
2018-01-09 00:06:25.275 INFO   main org.hibernate.tool.hbm2ddl.SchemaUpdate.execute HHH000228: Running hbm2ddl schema update
2018-01-09 00:06:56.373 INFO   main org.apache.coyote.http11.Http11NioProtocol.log Initializing ProtocolHandler ["http-nio-8080"]
2018-01-09 00:06:56.383 INFO   main org.apache.coyote.http11.Http11NioProtocol.log Starting ProtocolHandler ["http-nio-8080"]
2018-01-09 00:06:56.393 INFO   main org.apache.tomcat.util.net.NioSelectorPool.log Using a shared selector for servlet write/read
2018-01-09 00:06:56.411 INFO   main com.github.xbynet.Application.logStarted Started Application in 34.694 seconds (JVM running for 35.924)
2018-01-09 00:22:53.290 INFO   main com.github.xbynet.Application.logStarting Starting Application on taojw-PC with PID 50792 (E:\test-111\proj-base-springboot\target\classes started by taojw in E:\test-111\proj-base-springboot)
2018-01-09 00:22:53.295 INFO   main com.github.xbynet.Application.logStartupProfileInfo The following profiles are active: dev
2018-01-09 00:22:53.481 INFO   background-preinit org.hibernate.validator.internal.util.Version.<clinit> HV000001: Hibernate Validator 5.3.6.Final
2018-01-09 00:22:54.992 INFO   main org.apache.catalina.core.StandardService.log Starting service [Tomcat]
2018-01-09 00:22:54.993 INFO   main org.apache.catalina.core.StandardEngine.log Starting Servlet Engine: Apache Tomcat/8.5.23
2018-01-09 00:22:55.076 INFO   localhost-startStop-1 org.apache.catalina.core.ContainerBase.[Tomcat].[localhost].[/].log Initializing Spring embedded WebApplicationContext
2018-01-09 00:22:55.538 INFO   main com.alibaba.druid.pool.DruidDataSource.init {dataSource-1} inited
2018-01-09 00:22:55.676 INFO   main org.hibernate.jpa.internal.util.LogHelper.logPersistenceUnitInformation HHH000204: Processing PersistenceUnitInfo [
	name: default
	...]
2018-01-09 00:22:55.730 INFO   main org.hibernate.Version.logVersion HHH000412: Hibernate Core {5.0.12.Final}
2018-01-09 00:22:55.732 INFO   main org.hibernate.cfg.Environment.<clinit> HHH000206: hibernate.properties not found
2018-01-09 00:22:55.733 INFO   main org.hibernate.cfg.Environment.buildBytecodeProvider HHH000021: Bytecode provider name : javassist
2018-01-09 00:22:55.770 INFO   main org.hibernate.annotations.common.Version.<clinit> HCANN000001: Hibernate Commons Annotations {5.0.1.Final}
2018-01-09 00:22:55.783 INFO   main org.hibernate.dialect.Dialect.<init> HHH000400: Using dialect: org.hibernate.dialect.SQLiteDialect
2018-01-09 00:22:55.979 INFO   main org.hibernate.dialect.Dialect.<init> HHH000400: Using dialect: org.hibernate.dialect.SQLiteDialect
2018-01-09 00:22:55.998 INFO   main org.hibernate.engine.jdbc.env.internal.LobCreatorBuilderImpl.useContextualLobCreation HHH000423: Disabling contextual LOB creation as JDBC driver reported JDBC version [2] less than 4
2018-01-09 00:22:56.304 INFO   main org.hibernate.tool.hbm2ddl.SchemaUpdate.execute HHH000228: Running hbm2ddl schema update
2018-01-09 00:22:56.369 INFO   main com.alibaba.druid.pool.DruidDataSource.close {dataSource-1} closed
2018-01-09 00:22:56.371 INFO   main org.apache.catalina.core.StandardService.log Stopping service [Tomcat]
2018-01-09 00:25:43.776 INFO   main com.github.xbynet.Application.logStarting Starting Application on taojw-PC with PID 119080 (E:\test-111\proj-base-springboot\target\classes started by taojw in E:\test-111\proj-base-springboot)
2018-01-09 00:25:43.780 INFO   main com.github.xbynet.Application.logStartupProfileInfo The following profiles are active: dev
2018-01-09 00:25:43.941 INFO   background-preinit org.hibernate.validator.internal.util.Version.<clinit> HV000001: Hibernate Validator 5.3.6.Final
2018-01-09 00:25:45.410 INFO   main org.apache.catalina.core.StandardService.log Starting service [Tomcat]
2018-01-09 00:25:45.411 INFO   main org.apache.catalina.core.StandardEngine.log Starting Servlet Engine: Apache Tomcat/8.5.23
2018-01-09 00:25:45.495 INFO   localhost-startStop-1 org.apache.catalina.core.ContainerBase.[Tomcat].[localhost].[/].log Initializing Spring embedded WebApplicationContext
2018-01-09 00:25:45.959 INFO   main com.alibaba.druid.pool.DruidDataSource.init {dataSource-1} inited
2018-01-09 00:25:46.099 INFO   main org.hibernate.jpa.internal.util.LogHelper.logPersistenceUnitInformation HHH000204: Processing PersistenceUnitInfo [
	name: default
	...]
2018-01-09 00:25:46.156 INFO   main org.hibernate.Version.logVersion HHH000412: Hibernate Core {5.0.12.Final}
2018-01-09 00:25:46.157 INFO   main org.hibernate.cfg.Environment.<clinit> HHH000206: hibernate.properties not found
2018-01-09 00:25:46.158 INFO   main org.hibernate.cfg.Environment.buildBytecodeProvider HHH000021: Bytecode provider name : javassist
2018-01-09 00:25:46.193 INFO   main org.hibernate.annotations.common.Version.<clinit> HCANN000001: Hibernate Commons Annotations {5.0.1.Final}
2018-01-09 00:25:46.205 INFO   main org.hibernate.dialect.Dialect.<init> HHH000400: Using dialect: org.hibernate.dialect.SQLiteDialect
2018-01-09 00:25:46.412 INFO   main org.hibernate.dialect.Dialect.<init> HHH000400: Using dialect: org.hibernate.dialect.SQLiteDialect
2018-01-09 00:25:46.433 INFO   main org.hibernate.engine.jdbc.env.internal.LobCreatorBuilderImpl.useContextualLobCreation HHH000423: Disabling contextual LOB creation as JDBC driver reported JDBC version [2] less than 4
2018-01-09 00:25:46.741 INFO   main org.hibernate.tool.hbm2ddl.SchemaUpdate.execute HHH000228: Running hbm2ddl schema update
2018-01-09 00:25:48.429 INFO   main org.apache.coyote.http11.Http11NioProtocol.log Initializing ProtocolHandler ["http-nio-8080"]
2018-01-09 00:25:48.437 INFO   main org.apache.coyote.http11.Http11NioProtocol.log Starting ProtocolHandler ["http-nio-8080"]
2018-01-09 00:25:48.447 INFO   main org.apache.tomcat.util.net.NioSelectorPool.log Using a shared selector for servlet write/read
2018-01-09 00:25:48.466 INFO   main com.github.xbynet.Application.logStarted Started Application in 5.119 seconds (JVM running for 5.941)
2018-01-09 00:25:56.916 INFO   http-nio-8080-exec-3 org.apache.tomcat.util.http.parser.Cookie.log A cookie header was received [1513905372,1514190660,1515383130; Hm_lpvt_9f9e6e9198259e7a598474c9df6397dc=1515383419; scroll-cookie=4272.727180118405|/] that contained an invalid cookie. That cookie will be ignored.Note: further occurrences of this error will be logged at DEBUG level.
2018-01-09 00:25:56.925 INFO   http-nio-8080-exec-3 org.apache.catalina.core.ContainerBase.[Tomcat].[localhost].[/].log Initializing Spring FrameworkServlet 'dispatcherServlet'
2018-01-09 00:28:00.102 INFO   main com.github.xbynet.Application.logStarting Starting Application on taojw-PC with PID 127628 (E:\test-111\proj-base-springboot\target\classes started by taojw in E:\test-111\proj-base-springboot)
2018-01-09 00:28:00.107 INFO   main com.github.xbynet.Application.logStartupProfileInfo The following profiles are active: dev
2018-01-09 00:28:00.381 INFO   background-preinit org.hibernate.validator.internal.util.Version.<clinit> HV000001: Hibernate Validator 5.3.6.Final
2018-01-09 00:28:02.089 INFO   main org.apache.catalina.core.StandardService.log Starting service [Tomcat]
2018-01-09 00:28:02.090 INFO   main org.apache.catalina.core.StandardEngine.log Starting Servlet Engine: Apache Tomcat/8.5.23
2018-01-09 00:28:02.173 INFO   localhost-startStop-1 org.apache.catalina.core.ContainerBase.[Tomcat].[localhost].[/].log Initializing Spring embedded WebApplicationContext
2018-01-09 00:28:02.653 INFO   main com.alibaba.druid.pool.DruidDataSource.init {dataSource-1} inited
2018-01-09 00:28:02.787 INFO   main org.hibernate.jpa.internal.util.LogHelper.logPersistenceUnitInformation HHH000204: Processing PersistenceUnitInfo [
	name: default
	...]
2018-01-09 00:28:02.844 INFO   main org.hibernate.Version.logVersion HHH000412: Hibernate Core {5.0.12.Final}
2018-01-09 00:28:02.845 INFO   main org.hibernate.cfg.Environment.<clinit> HHH000206: hibernate.properties not found
2018-01-09 00:28:02.846 INFO   main org.hibernate.cfg.Environment.buildBytecodeProvider HHH000021: Bytecode provider name : javassist
2018-01-09 00:28:02.884 INFO   main org.hibernate.annotations.common.Version.<clinit> HCANN000001: Hibernate Commons Annotations {5.0.1.Final}
2018-01-09 00:28:02.896 INFO   main org.hibernate.dialect.Dialect.<init> HHH000400: Using dialect: org.hibernate.dialect.SQLiteDialect
2018-01-09 00:28:03.108 INFO   main org.hibernate.dialect.Dialect.<init> HHH000400: Using dialect: org.hibernate.dialect.SQLiteDialect
2018-01-09 00:28:03.129 INFO   main org.hibernate.engine.jdbc.env.internal.LobCreatorBuilderImpl.useContextualLobCreation HHH000423: Disabling contextual LOB creation as JDBC driver reported JDBC version [2] less than 4
2018-01-09 00:28:03.507 INFO   main org.hibernate.tool.hbm2ddl.SchemaUpdate.execute HHH000228: Running hbm2ddl schema update
2018-01-09 00:28:05.159 INFO   main org.apache.coyote.http11.Http11NioProtocol.log Initializing ProtocolHandler ["http-nio-8080"]
2018-01-09 00:28:05.167 INFO   main org.apache.coyote.http11.Http11NioProtocol.log Starting ProtocolHandler ["http-nio-8080"]
2018-01-09 00:28:05.176 INFO   main org.apache.tomcat.util.net.NioSelectorPool.log Using a shared selector for servlet write/read
2018-01-09 00:28:05.195 INFO   main com.github.xbynet.Application.logStarted Started Application in 5.637 seconds (JVM running for 6.479)
2018-01-09 00:28:10.362 INFO   http-nio-8080-exec-1 org.apache.tomcat.util.http.parser.Cookie.log A cookie header was received [1513905372,1514190660,1515383130; Hm_lpvt_9f9e6e9198259e7a598474c9df6397dc=1515383419; scroll-cookie=4272.727180118405|/] that contained an invalid cookie. That cookie will be ignored.Note: further occurrences of this error will be logged at DEBUG level.
2018-01-09 00:28:10.369 INFO   http-nio-8080-exec-1 org.apache.catalina.core.ContainerBase.[Tomcat].[localhost].[/].log Initializing Spring FrameworkServlet 'dispatcherServlet'
2018-01-09 00:31:14.279 INFO   main com.github.xbynet.Application.logStarting Starting Application on taojw-PC with PID 135216 (E:\test-111\proj-base-springboot\target\classes started by taojw in E:\test-111\proj-base-springboot)
2018-01-09 00:31:14.285 INFO   main com.github.xbynet.Application.logStartupProfileInfo The following profiles are active: dev
2018-01-09 00:31:14.479 INFO   background-preinit org.hibernate.validator.internal.util.Version.<clinit> HV000001: Hibernate Validator 5.3.6.Final
2018-01-09 00:31:16.614 INFO   main org.apache.catalina.core.StandardService.log Starting service [Tomcat]
2018-01-09 00:31:16.615 INFO   main org.apache.catalina.core.StandardEngine.log Starting Servlet Engine: Apache Tomcat/8.5.23
2018-01-09 00:31:16.705 INFO   localhost-startStop-1 org.apache.catalina.core.ContainerBase.[Tomcat].[localhost].[/].log Initializing Spring embedded WebApplicationContext
2018-01-09 00:31:17.159 INFO   main com.alibaba.druid.pool.DruidDataSource.init {dataSource-1} inited
2018-01-09 00:31:17.295 INFO   main org.hibernate.jpa.internal.util.LogHelper.logPersistenceUnitInformation HHH000204: Processing PersistenceUnitInfo [
	name: default
	...]
2018-01-09 00:31:17.353 INFO   main org.hibernate.Version.logVersion HHH000412: Hibernate Core {5.0.12.Final}
2018-01-09 00:31:17.355 INFO   main org.hibernate.cfg.Environment.<clinit> HHH000206: hibernate.properties not found
2018-01-09 00:31:17.356 INFO   main org.hibernate.cfg.Environment.buildBytecodeProvider HHH000021: Bytecode provider name : javassist
2018-01-09 00:31:17.396 INFO   main org.hibernate.annotations.common.Version.<clinit> HCANN000001: Hibernate Commons Annotations {5.0.1.Final}
2018-01-09 00:31:17.408 INFO   main org.hibernate.dialect.Dialect.<init> HHH000400: Using dialect: org.hibernate.dialect.SQLiteDialect
2018-01-09 00:31:17.609 INFO   main org.hibernate.dialect.Dialect.<init> HHH000400: Using dialect: org.hibernate.dialect.SQLiteDialect
2018-01-09 00:31:17.630 INFO   main org.hibernate.engine.jdbc.env.internal.LobCreatorBuilderImpl.useContextualLobCreation HHH000423: Disabling contextual LOB creation as JDBC driver reported JDBC version [2] less than 4
2018-01-09 00:31:17.940 INFO   main org.hibernate.tool.hbm2ddl.SchemaUpdate.execute HHH000228: Running hbm2ddl schema update
2018-01-09 00:31:19.630 INFO   main org.apache.coyote.http11.Http11NioProtocol.log Initializing ProtocolHandler ["http-nio-8080"]
2018-01-09 00:31:19.638 INFO   main org.apache.coyote.http11.Http11NioProtocol.log Starting ProtocolHandler ["http-nio-8080"]
2018-01-09 00:31:19.647 INFO   main org.apache.tomcat.util.net.NioSelectorPool.log Using a shared selector for servlet write/read
2018-01-09 00:31:19.666 INFO   main com.github.xbynet.Application.logStarted Started Application in 5.839 seconds (JVM running for 6.662)
2018-01-09 00:31:44.944 INFO   http-nio-8080-exec-1 org.apache.tomcat.util.http.parser.Cookie.log A cookie header was received [1513905372,1514190660,1515383130; Hm_lpvt_9f9e6e9198259e7a598474c9df6397dc=1515383419; scroll-cookie=4272.727180118405|/] that contained an invalid cookie. That cookie will be ignored.Note: further occurrences of this error will be logged at DEBUG level.
2018-01-09 00:31:44.950 INFO   http-nio-8080-exec-1 org.apache.catalina.core.ContainerBase.[Tomcat].[localhost].[/].log Initializing Spring FrameworkServlet 'dispatcherServlet'
2018-01-09 00:35:07.157 INFO   main com.github.xbynet.Application.logStarting Starting Application on taojw-PC with PID 139844 (E:\test-111\proj-base-springboot\target\classes started by taojw in E:\test-111\proj-base-springboot)
2018-01-09 00:35:07.163 INFO   main com.github.xbynet.Application.logStartupProfileInfo The following profiles are active: dev
2018-01-09 00:35:07.342 INFO   background-preinit org.hibernate.validator.internal.util.Version.<clinit> HV000001: Hibernate Validator 5.3.6.Final
2018-01-09 00:35:08.847 INFO   main org.apache.catalina.core.StandardService.log Starting service [Tomcat]
2018-01-09 00:35:08.848 INFO   main org.apache.catalina.core.StandardEngine.log Starting Servlet Engine: Apache Tomcat/8.5.23
2018-01-09 00:35:08.931 INFO   localhost-startStop-1 org.apache.catalina.core.ContainerBase.[Tomcat].[localhost].[/].log Initializing Spring embedded WebApplicationContext
2018-01-09 00:35:09.418 INFO   main com.alibaba.druid.pool.DruidDataSource.init {dataSource-1} inited
2018-01-09 00:35:09.563 INFO   main org.hibernate.jpa.internal.util.LogHelper.logPersistenceUnitInformation HHH000204: Processing PersistenceUnitInfo [
	name: default
	...]
2018-01-09 00:35:09.620 INFO   main org.hibernate.Version.logVersion HHH000412: Hibernate Core {5.0.12.Final}
2018-01-09 00:35:09.621 INFO   main org.hibernate.cfg.Environment.<clinit> HHH000206: hibernate.properties not found
2018-01-09 00:35:09.622 INFO   main org.hibernate.cfg.Environment.buildBytecodeProvider HHH000021: Bytecode provider name : javassist
2018-01-09 00:35:09.659 INFO   main org.hibernate.annotations.common.Version.<clinit> HCANN000001: Hibernate Commons Annotations {5.0.1.Final}
2018-01-09 00:35:09.671 INFO   main org.hibernate.dialect.Dialect.<init> HHH000400: Using dialect: org.hibernate.dialect.SQLiteDialect
2018-01-09 00:35:09.881 INFO   main org.hibernate.dialect.Dialect.<init> HHH000400: Using dialect: org.hibernate.dialect.SQLiteDialect
2018-01-09 00:35:09.902 INFO   main org.hibernate.engine.jdbc.env.internal.LobCreatorBuilderImpl.useContextualLobCreation HHH000423: Disabling contextual LOB creation as JDBC driver reported JDBC version [2] less than 4
2018-01-09 00:35:10.222 INFO   main org.hibernate.tool.hbm2ddl.SchemaUpdate.execute HHH000228: Running hbm2ddl schema update
2018-01-09 00:35:10.232 INFO   main org.hibernate.tool.schema.extract.internal.InformationExtractorJdbcDatabaseMetaDataImpl.processGetTableResults HHH000262: Table not found: tes
2018-01-09 00:35:10.298 INFO   main com.alibaba.druid.pool.DruidDataSource.close {dataSource-1} closed
2018-01-09 00:35:10.300 INFO   main org.apache.catalina.core.StandardService.log Stopping service [Tomcat]
2018-01-09 00:35:31.036 INFO   main com.github.xbynet.Application.logStarting Starting Application on taojw-PC with PID 127756 (E:\test-111\proj-base-springboot\target\classes started by taojw in E:\test-111\proj-base-springboot)
2018-01-09 00:35:31.039 INFO   main com.github.xbynet.Application.logStartupProfileInfo The following profiles are active: dev
2018-01-09 00:35:31.237 INFO   background-preinit org.hibernate.validator.internal.util.Version.<clinit> HV000001: Hibernate Validator 5.3.6.Final
2018-01-09 00:35:33.325 INFO   main org.apache.catalina.core.StandardService.log Starting service [Tomcat]
2018-01-09 00:35:33.326 INFO   main org.apache.catalina.core.StandardEngine.log Starting Servlet Engine: Apache Tomcat/8.5.23
2018-01-09 00:35:48.874 INFO   main com.github.xbynet.Application.logStarting Starting Application on taojw-PC with PID 15032 (E:\test-111\proj-base-springboot\target\classes started by taojw in E:\test-111\proj-base-springboot)
2018-01-09 00:35:48.880 INFO   main com.github.xbynet.Application.logStartupProfileInfo The following profiles are active: dev
2018-01-09 00:35:49.047 INFO   background-preinit org.hibernate.validator.internal.util.Version.<clinit> HV000001: Hibernate Validator 5.3.6.Final
2018-01-09 00:35:50.848 INFO   main org.apache.catalina.core.StandardService.log Starting service [Tomcat]
2018-01-09 00:35:50.849 INFO   main org.apache.catalina.core.StandardEngine.log Starting Servlet Engine: Apache Tomcat/8.5.23
2018-01-09 00:35:50.940 INFO   localhost-startStop-1 org.apache.catalina.core.ContainerBase.[Tomcat].[localhost].[/].log Initializing Spring embedded WebApplicationContext
2018-01-09 00:35:51.553 INFO   main com.alibaba.druid.pool.DruidDataSource.init {dataSource-1} inited
2018-01-09 00:35:51.692 INFO   main org.hibernate.jpa.internal.util.LogHelper.logPersistenceUnitInformation HHH000204: Processing PersistenceUnitInfo [
	name: default
	...]
2018-01-09 00:35:51.749 INFO   main org.hibernate.Version.logVersion HHH000412: Hibernate Core {5.0.12.Final}
2018-01-09 00:35:51.751 INFO   main org.hibernate.cfg.Environment.<clinit> HHH000206: hibernate.properties not found
2018-01-09 00:35:51.752 INFO   main org.hibernate.cfg.Environment.buildBytecodeProvider HHH000021: Bytecode provider name : javassist
2018-01-09 00:35:51.793 INFO   main org.hibernate.annotations.common.Version.<clinit> HCANN000001: Hibernate Commons Annotations {5.0.1.Final}
2018-01-09 00:35:51.805 INFO   main org.hibernate.dialect.Dialect.<init> HHH000400: Using dialect: org.hibernate.dialect.SQLiteDialect
2018-01-09 00:35:51.914 INFO   main org.hibernate.dialect.Dialect.<init> HHH000400: Using dialect: org.hibernate.dialect.SQLiteDialect
2018-01-09 00:35:51.931 INFO   main org.hibernate.engine.jdbc.env.internal.LobCreatorBuilderImpl.useContextualLobCreation HHH000423: Disabling contextual LOB creation as JDBC driver reported JDBC version [2] less than 4
2018-01-09 00:35:52.246 INFO   main org.hibernate.tool.hbm2ddl.SchemaUpdate.execute HHH000228: Running hbm2ddl schema update
2018-01-09 00:35:54.321 INFO   main org.apache.coyote.http11.Http11NioProtocol.log Initializing ProtocolHandler ["http-nio-8080"]
2018-01-09 00:35:54.331 INFO   main org.apache.coyote.http11.Http11NioProtocol.log Starting ProtocolHandler ["http-nio-8080"]
2018-01-09 00:35:54.341 INFO   main org.apache.tomcat.util.net.NioSelectorPool.log Using a shared selector for servlet write/read
2018-01-09 00:35:54.363 INFO   main com.github.xbynet.Application.logStarted Started Application in 5.919 seconds (JVM running for 6.725)
2018-01-09 00:35:55.926 INFO   http-nio-8080-exec-1 org.apache.tomcat.util.http.parser.Cookie.log A cookie header was received [1513905372,1514190660,1515383130; Hm_lpvt_9f9e6e9198259e7a598474c9df6397dc=1515383419; scroll-cookie=4272.727180118405|/] that contained an invalid cookie. That cookie will be ignored.Note: further occurrences of this error will be logged at DEBUG level.
2018-01-09 00:35:55.932 INFO   http-nio-8080-exec-1 org.apache.catalina.core.ContainerBase.[Tomcat].[localhost].[/].log Initializing Spring FrameworkServlet 'dispatcherServlet'
2018-01-09 00:36:46.239 INFO   main com.github.xbynet.ProjbaseSpringbootApplicationTests.logStarting Starting ProjbaseSpringbootApplicationTests on taojw-PC with PID 137228 (started by taojw in E:\test-111\proj-base-springboot)
2018-01-09 00:36:46.241 INFO   main com.github.xbynet.ProjbaseSpringbootApplicationTests.logStartupProfileInfo The following profiles are active: dev
2018-01-09 00:36:46.582 INFO   background-preinit org.hibernate.validator.internal.util.Version.<clinit> HV000001: Hibernate Validator 5.3.6.Final
2018-01-09 00:36:49.089 INFO   main com.alibaba.druid.pool.DruidDataSource.init {dataSource-1} inited
2018-01-09 00:36:49.518 INFO   main org.hibernate.jpa.internal.util.LogHelper.logPersistenceUnitInformation HHH000204: Processing PersistenceUnitInfo [
	name: default
	...]
2018-01-09 00:36:49.614 INFO   main org.hibernate.Version.logVersion HHH000412: Hibernate Core {5.0.12.Final}
2018-01-09 00:36:49.617 INFO   main org.hibernate.cfg.Environment.<clinit> HHH000206: hibernate.properties not found
2018-01-09 00:36:49.619 INFO   main org.hibernate.cfg.Environment.buildBytecodeProvider HHH000021: Bytecode provider name : javassist
2018-01-09 00:36:49.670 INFO   main org.hibernate.annotations.common.Version.<clinit> HCANN000001: Hibernate Commons Annotations {5.0.1.Final}
2018-01-09 00:36:49.691 INFO   main org.hibernate.dialect.Dialect.<init> HHH000400: Using dialect: org.hibernate.dialect.SQLiteDialect
2018-01-09 00:36:49.805 INFO   main org.hibernate.dialect.Dialect.<init> HHH000400: Using dialect: org.hibernate.dialect.SQLiteDialect
2018-01-09 00:36:49.828 INFO   main org.hibernate.engine.jdbc.env.internal.LobCreatorBuilderImpl.useContextualLobCreation HHH000423: Disabling contextual LOB creation as JDBC driver reported JDBC version [2] less than 4
2018-01-09 00:36:50.211 INFO   main org.hibernate.tool.hbm2ddl.SchemaUpdate.execute HHH000228: Running hbm2ddl schema update
2018-01-09 00:36:53.340 INFO   main com.github.xbynet.ProjbaseSpringbootApplicationTests.logStarted Started ProjbaseSpringbootApplicationTests in 7.504 seconds (JVM running for 8.29)
2018-01-09 00:36:53.419 INFO   Thread-2 com.alibaba.druid.pool.DruidDataSource.close {dataSource-1} closed
2018-01-09 00:42:34.502 INFO   main com.github.xbynet.Application.logStarting Starting Application on taojw-PC with PID 132516 (E:\test-111\proj-base-springboot\target\classes started by taojw in E:\test-111\proj-base-springboot)
2018-01-09 00:42:34.506 INFO   main com.github.xbynet.Application.logStartupProfileInfo The following profiles are active: dev
2018-01-09 00:42:34.682 INFO   background-preinit org.hibernate.validator.internal.util.Version.<clinit> HV000001: Hibernate Validator 5.3.6.Final
2018-01-09 00:42:36.379 INFO   main org.apache.catalina.core.StandardService.log Starting service [Tomcat]
2018-01-09 00:42:36.380 INFO   main org.apache.catalina.core.StandardEngine.log Starting Servlet Engine: Apache Tomcat/8.5.23
2018-01-09 00:42:36.467 INFO   localhost-startStop-1 org.apache.catalina.core.ContainerBase.[Tomcat].[localhost].[/].log Initializing Spring embedded WebApplicationContext
2018-01-09 00:42:37.094 INFO   main com.alibaba.druid.pool.DruidDataSource.init {dataSource-1} inited
2018-01-09 00:42:37.234 INFO   main org.hibernate.jpa.internal.util.LogHelper.logPersistenceUnitInformation HHH000204: Processing PersistenceUnitInfo [
	name: default
	...]
2018-01-09 00:42:37.289 INFO   main org.hibernate.Version.logVersion HHH000412: Hibernate Core {5.0.12.Final}
2018-01-09 00:42:37.290 INFO   main org.hibernate.cfg.Environment.<clinit> HHH000206: hibernate.properties not found
2018-01-09 00:42:37.291 INFO   main org.hibernate.cfg.Environment.buildBytecodeProvider HHH000021: Bytecode provider name : javassist
2018-01-09 00:42:37.332 INFO   main org.hibernate.annotations.common.Version.<clinit> HCANN000001: Hibernate Commons Annotations {5.0.1.Final}
2018-01-09 00:42:37.347 INFO   main org.hibernate.dialect.Dialect.<init> HHH000400: Using dialect: org.hibernate.dialect.SQLiteDialect
2018-01-09 00:42:37.459 INFO   main org.hibernate.dialect.Dialect.<init> HHH000400: Using dialect: org.hibernate.dialect.SQLiteDialect
2018-01-09 00:42:37.480 INFO   main org.hibernate.engine.jdbc.env.internal.LobCreatorBuilderImpl.useContextualLobCreation HHH000423: Disabling contextual LOB creation as JDBC driver reported JDBC version [2] less than 4
2018-01-09 00:42:37.788 INFO   main org.hibernate.tool.hbm2ddl.SchemaUpdate.execute HHH000228: Running hbm2ddl schema update
2018-01-09 00:42:38.543 INFO   main com.alibaba.druid.pool.DruidDataSource.close {dataSource-1} closed
2018-01-09 00:42:38.545 INFO   main org.apache.catalina.core.StandardService.log Stopping service [Tomcat]
2018-01-09 00:42:55.504 INFO   main com.github.xbynet.Application.logStarting Starting Application on taojw-PC with PID 137500 (E:\test-111\proj-base-springboot\target\classes started by taojw in E:\test-111\proj-base-springboot)
2018-01-09 00:42:55.508 INFO   main com.github.xbynet.Application.logStartupProfileInfo The following profiles are active: dev
2018-01-09 00:42:55.723 INFO   background-preinit org.hibernate.validator.internal.util.Version.<clinit> HV000001: Hibernate Validator 5.3.6.Final
2018-01-09 00:42:57.457 INFO   main org.apache.catalina.core.StandardService.log Starting service [Tomcat]
2018-01-09 00:42:57.458 INFO   main org.apache.catalina.core.StandardEngine.log Starting Servlet Engine: Apache Tomcat/8.5.23
2018-01-09 00:42:57.546 INFO   localhost-startStop-1 org.apache.catalina.core.ContainerBase.[Tomcat].[localhost].[/].log Initializing Spring embedded WebApplicationContext
2018-01-09 00:42:58.160 INFO   main com.alibaba.druid.pool.DruidDataSource.init {dataSource-1} inited
2018-01-09 00:42:58.298 INFO   main org.hibernate.jpa.internal.util.LogHelper.logPersistenceUnitInformation HHH000204: Processing PersistenceUnitInfo [
	name: default
	...]
2018-01-09 00:42:58.355 INFO   main org.hibernate.Version.logVersion HHH000412: Hibernate Core {5.0.12.Final}
2018-01-09 00:42:58.356 INFO   main org.hibernate.cfg.Environment.<clinit> HHH000206: hibernate.properties not found
2018-01-09 00:42:58.357 INFO   main org.hibernate.cfg.Environment.buildBytecodeProvider HHH000021: Bytecode provider name : javassist
2018-01-09 00:42:58.406 INFO   main org.hibernate.annotations.common.Version.<clinit> HCANN000001: Hibernate Commons Annotations {5.0.1.Final}
2018-01-09 00:42:58.425 INFO   main org.hibernate.dialect.Dialect.<init> HHH000400: Using dialect: org.hibernate.dialect.SQLiteDialect
2018-01-09 00:42:58.536 INFO   main org.hibernate.dialect.Dialect.<init> HHH000400: Using dialect: org.hibernate.dialect.SQLiteDialect
2018-01-09 00:42:58.555 INFO   main org.hibernate.engine.jdbc.env.internal.LobCreatorBuilderImpl.useContextualLobCreation HHH000423: Disabling contextual LOB creation as JDBC driver reported JDBC version [2] less than 4
2018-01-09 00:42:58.860 INFO   main org.hibernate.tool.hbm2ddl.SchemaUpdate.execute HHH000228: Running hbm2ddl schema update
2018-01-09 00:43:00.936 INFO   main org.apache.coyote.http11.Http11NioProtocol.log Initializing ProtocolHandler ["http-nio-8080"]
2018-01-09 00:43:00.945 INFO   main org.apache.coyote.http11.Http11NioProtocol.log Starting ProtocolHandler ["http-nio-8080"]
2018-01-09 00:43:00.955 INFO   main org.apache.tomcat.util.net.NioSelectorPool.log Using a shared selector for servlet write/read
2018-01-09 00:43:00.972 INFO   main com.github.xbynet.Application.logStarted Started Application in 5.93 seconds (JVM running for 6.711)
2018-01-09 00:43:07.549 INFO   http-nio-8080-exec-1 org.apache.tomcat.util.http.parser.Cookie.log A cookie header was received [1513905372,1514190660,1515383130; Hm_lpvt_9f9e6e9198259e7a598474c9df6397dc=1515383419; scroll-cookie=4272.727180118405|/] that contained an invalid cookie. That cookie will be ignored.Note: further occurrences of this error will be logged at DEBUG level.
2018-01-09 00:43:07.556 INFO   http-nio-8080-exec-1 org.apache.catalina.core.ContainerBase.[Tomcat].[localhost].[/].log Initializing Spring FrameworkServlet 'dispatcherServlet'
2018-01-09 00:46:01.503 INFO   main com.github.xbynet.Application.logStarting Starting Application on taojw-PC with PID 135768 (E:\test-111\proj-base-springboot\target\classes started by taojw in E:\test-111\proj-base-springboot)
2018-01-09 00:46:01.508 INFO   main com.github.xbynet.Application.logStartupProfileInfo The following profiles are active: dev
2018-01-09 00:46:01.704 INFO   background-preinit org.hibernate.validator.internal.util.Version.<clinit> HV000001: Hibernate Validator 5.3.6.Final
2018-01-09 00:46:03.959 INFO   main org.apache.catalina.core.StandardService.log Starting service [Tomcat]
2018-01-09 00:46:03.959 INFO   main org.apache.catalina.core.StandardEngine.log Starting Servlet Engine: Apache Tomcat/8.5.23
2018-01-09 00:46:04.048 INFO   localhost-startStop-1 org.apache.catalina.core.ContainerBase.[Tomcat].[localhost].[/].log Initializing Spring embedded WebApplicationContext
2018-01-09 00:46:04.651 INFO   main com.alibaba.druid.pool.DruidDataSource.init {dataSource-1} inited
2018-01-09 00:46:04.788 INFO   main org.hibernate.jpa.internal.util.LogHelper.logPersistenceUnitInformation HHH000204: Processing PersistenceUnitInfo [
	name: default
	...]
2018-01-09 00:46:04.846 INFO   main org.hibernate.Version.logVersion HHH000412: Hibernate Core {5.0.12.Final}
2018-01-09 00:46:04.847 INFO   main org.hibernate.cfg.Environment.<clinit> HHH000206: hibernate.properties not found
2018-01-09 00:46:04.849 INFO   main org.hibernate.cfg.Environment.buildBytecodeProvider HHH000021: Bytecode provider name : javassist
2018-01-09 00:46:04.889 INFO   main org.hibernate.annotations.common.Version.<clinit> HCANN000001: Hibernate Commons Annotations {5.0.1.Final}
2018-01-09 00:46:04.902 INFO   main org.hibernate.dialect.Dialect.<init> HHH000400: Using dialect: org.hibernate.dialect.SQLiteDialect
2018-01-09 00:46:05.038 INFO   main org.hibernate.dialect.Dialect.<init> HHH000400: Using dialect: org.hibernate.dialect.SQLiteDialect
2018-01-09 00:46:05.070 INFO   main org.hibernate.engine.jdbc.env.internal.LobCreatorBuilderImpl.useContextualLobCreation HHH000423: Disabling contextual LOB creation as JDBC driver reported JDBC version [2] less than 4
2018-01-09 00:46:05.413 INFO   main org.hibernate.tool.hbm2ddl.SchemaUpdate.execute HHH000228: Running hbm2ddl schema update
2018-01-09 00:46:07.451 INFO   main org.apache.coyote.http11.Http11NioProtocol.log Initializing ProtocolHandler ["http-nio-8080"]
2018-01-09 00:46:07.459 INFO   main org.apache.coyote.http11.Http11NioProtocol.log Starting ProtocolHandler ["http-nio-8080"]
2018-01-09 00:46:07.468 INFO   main org.apache.tomcat.util.net.NioSelectorPool.log Using a shared selector for servlet write/read
2018-01-09 00:46:07.486 INFO   main com.github.xbynet.Application.logStarted Started Application in 6.425 seconds (JVM running for 7.327)
2018-01-09 00:46:14.913 INFO   http-nio-8080-exec-1 org.apache.tomcat.util.http.parser.Cookie.log A cookie header was received [1513905372,1514190660,1515383130; Hm_lpvt_9f9e6e9198259e7a598474c9df6397dc=1515383419; scroll-cookie=4272.727180118405|/] that contained an invalid cookie. That cookie will be ignored.Note: further occurrences of this error will be logged at DEBUG level.
2018-01-09 00:46:14.919 INFO   http-nio-8080-exec-1 org.apache.catalina.core.ContainerBase.[Tomcat].[localhost].[/].log Initializing Spring FrameworkServlet 'dispatcherServlet'
2018-01-09 00:46:15.036 INFO   http-nio-8080-exec-1 org.thymeleaf.TemplateEngine.initialize [THYMELEAF] INITIALIZING TEMPLATE ENGINE
2018-01-09 00:46:15.086 INFO   http-nio-8080-exec-1 org.thymeleaf.templateresolver.AbstractTemplateResolver.initialize [THYMELEAF] INITIALIZING TEMPLATE RESOLVER: org.thymeleaf.spring4.templateresolver.SpringResourceTemplateResolver
2018-01-09 00:46:15.086 INFO   http-nio-8080-exec-1 org.thymeleaf.templateresolver.AbstractTemplateResolver.initialize [THYMELEAF] TEMPLATE RESOLVER INITIALIZED OK
2018-01-09 00:46:15.086 INFO   http-nio-8080-exec-1 org.thymeleaf.messageresolver.AbstractMessageResolver.initialize [THYMELEAF] INITIALIZING MESSAGE RESOLVER: org.thymeleaf.spring4.messageresolver.SpringMessageResolver
2018-01-09 00:46:15.086 INFO   http-nio-8080-exec-1 org.thymeleaf.messageresolver.AbstractMessageResolver.initialize [THYMELEAF] MESSAGE RESOLVER INITIALIZED OK
2018-01-09 00:46:15.089 INFO   http-nio-8080-exec-1 org.thymeleaf.TemplateEngine.CONFIG.printConfiguration [THYMELEAF] TEMPLATE ENGINE CONFIGURATION:
[THYMELEAF] * Cache Factory implementation: org.thymeleaf.cache.StandardCacheManager
[THYMELEAF] * Template modes:
[THYMELEAF]     * LEGACYHTML5
[THYMELEAF]     * XHTML
[THYMELEAF]     * VALIDXHTML
[THYMELEAF]     * HTML5
[THYMELEAF]     * XML
[THYMELEAF]     * VALIDXML
[THYMELEAF] * Template resolvers (in order):
[THYMELEAF]     * org.thymeleaf.spring4.templateresolver.SpringResourceTemplateResolver
[THYMELEAF] * Message resolvers (in order):
[THYMELEAF]     * org.thymeleaf.spring4.messageresolver.SpringMessageResolver
[THYMELEAF] * Dialect [1 of 2]: org.thymeleaf.spring4.dialect.SpringStandardDialect
[THYMELEAF]     * Prefix: "th"
[THYMELEAF] * Dialect [2 of 2]: nz.net.ultraq.thymeleaf.LayoutDialect
[THYMELEAF]     * Prefix: "layout"
[THYMELEAF] TEMPLATE ENGINE CONFIGURED OK
2018-01-09 00:46:15.089 INFO   http-nio-8080-exec-1 org.thymeleaf.TemplateEngine.initialize [THYMELEAF] TEMPLATE ENGINE INITIALIZED
2018-01-09 00:47:16.850 INFO   main com.github.xbynet.Application.logStarting Starting Application on taojw-PC with PID 135680 (E:\test-111\proj-base-springboot\target\classes started by taojw in E:\test-111\proj-base-springboot)
2018-01-09 00:47:16.856 INFO   main com.github.xbynet.Application.logStartupProfileInfo The following profiles are active: dev
2018-01-09 00:47:17.052 INFO   background-preinit org.hibernate.validator.internal.util.Version.<clinit> HV000001: Hibernate Validator 5.3.6.Final
2018-01-09 00:47:19.076 INFO   main org.apache.catalina.core.StandardService.log Starting service [Tomcat]
2018-01-09 00:47:19.077 INFO   main org.apache.catalina.core.StandardEngine.log Starting Servlet Engine: Apache Tomcat/8.5.23
2018-01-09 00:47:19.170 INFO   localhost-startStop-1 org.apache.catalina.core.ContainerBase.[Tomcat].[localhost].[/].log Initializing Spring embedded WebApplicationContext
2018-01-09 00:47:19.787 INFO   main com.alibaba.druid.pool.DruidDataSource.init {dataSource-1} inited
2018-01-09 00:47:19.928 INFO   main org.hibernate.jpa.internal.util.LogHelper.logPersistenceUnitInformation HHH000204: Processing PersistenceUnitInfo [
	name: default
	...]
2018-01-09 00:47:19.985 INFO   main org.hibernate.Version.logVersion HHH000412: Hibernate Core {5.0.12.Final}
2018-01-09 00:47:19.987 INFO   main org.hibernate.cfg.Environment.<clinit> HHH000206: hibernate.properties not found
2018-01-09 00:47:19.988 INFO   main org.hibernate.cfg.Environment.buildBytecodeProvider HHH000021: Bytecode provider name : javassist
2018-01-09 00:47:20.028 INFO   main org.hibernate.annotations.common.Version.<clinit> HCANN000001: Hibernate Commons Annotations {5.0.1.Final}
2018-01-09 00:47:20.041 INFO   main org.hibernate.dialect.Dialect.<init> HHH000400: Using dialect: org.hibernate.dialect.SQLiteDialect
2018-01-09 00:47:20.199 INFO   main org.hibernate.dialect.Dialect.<init> HHH000400: Using dialect: org.hibernate.dialect.SQLiteDialect
2018-01-09 00:47:20.226 INFO   main org.hibernate.engine.jdbc.env.internal.LobCreatorBuilderImpl.useContextualLobCreation HHH000423: Disabling contextual LOB creation as JDBC driver reported JDBC version [2] less than 4
2018-01-09 00:47:20.581 INFO   main org.hibernate.tool.hbm2ddl.SchemaUpdate.execute HHH000228: Running hbm2ddl schema update
2018-01-09 00:47:22.561 INFO   main org.apache.coyote.http11.Http11NioProtocol.log Initializing ProtocolHandler ["http-nio-8080"]
2018-01-09 00:47:22.569 INFO   main org.apache.coyote.http11.Http11NioProtocol.log Starting ProtocolHandler ["http-nio-8080"]
2018-01-09 00:47:22.579 INFO   main org.apache.tomcat.util.net.NioSelectorPool.log Using a shared selector for servlet write/read
2018-01-09 00:47:22.597 INFO   main com.github.xbynet.Application.logStarted Started Application in 6.142 seconds (JVM running for 6.917)
2018-01-09 00:47:31.163 INFO   http-nio-8080-exec-1 org.apache.tomcat.util.http.parser.Cookie.log A cookie header was received [1513905372,1514190660,1515383130; Hm_lpvt_9f9e6e9198259e7a598474c9df6397dc=1515383419; scroll-cookie=4272.727180118405|/] that contained an invalid cookie. That cookie will be ignored.Note: further occurrences of this error will be logged at DEBUG level.
2018-01-09 00:47:31.170 INFO   http-nio-8080-exec-1 org.apache.catalina.core.ContainerBase.[Tomcat].[localhost].[/].log Initializing Spring FrameworkServlet 'dispatcherServlet'
2018-01-09 00:47:39.250 INFO   http-nio-8080-exec-5 org.thymeleaf.TemplateEngine.initialize [THYMELEAF] INITIALIZING TEMPLATE ENGINE
2018-01-09 00:47:39.296 INFO   http-nio-8080-exec-5 org.thymeleaf.templateresolver.AbstractTemplateResolver.initialize [THYMELEAF] INITIALIZING TEMPLATE RESOLVER: org.thymeleaf.spring4.templateresolver.SpringResourceTemplateResolver
2018-01-09 00:47:39.297 INFO   http-nio-8080-exec-5 org.thymeleaf.templateresolver.AbstractTemplateResolver.initialize [THYMELEAF] TEMPLATE RESOLVER INITIALIZED OK
2018-01-09 00:47:39.297 INFO   http-nio-8080-exec-5 org.thymeleaf.messageresolver.AbstractMessageResolver.initialize [THYMELEAF] INITIALIZING MESSAGE RESOLVER: org.thymeleaf.spring4.messageresolver.SpringMessageResolver
2018-01-09 00:47:39.297 INFO   http-nio-8080-exec-5 org.thymeleaf.messageresolver.AbstractMessageResolver.initialize [THYMELEAF] MESSAGE RESOLVER INITIALIZED OK
2018-01-09 00:47:39.300 INFO   http-nio-8080-exec-5 org.thymeleaf.TemplateEngine.CONFIG.printConfiguration [THYMELEAF] TEMPLATE ENGINE CONFIGURATION:
[THYMELEAF] * Cache Factory implementation: org.thymeleaf.cache.StandardCacheManager
[THYMELEAF] * Template modes:
[THYMELEAF]     * XHTML
[THYMELEAF]     * LEGACYHTML5
[THYMELEAF]     * VALIDXML
[THYMELEAF]     * HTML5
[THYMELEAF]     * XML
[THYMELEAF]     * VALIDXHTML
[THYMELEAF] * Template resolvers (in order):
[THYMELEAF]     * org.thymeleaf.spring4.templateresolver.SpringResourceTemplateResolver
[THYMELEAF] * Message resolvers (in order):
[THYMELEAF]     * org.thymeleaf.spring4.messageresolver.SpringMessageResolver
[THYMELEAF] * Dialect [1 of 2]: org.thymeleaf.spring4.dialect.SpringStandardDialect
[THYMELEAF]     * Prefix: "th"
[THYMELEAF] * Dialect [2 of 2]: nz.net.ultraq.thymeleaf.LayoutDialect
[THYMELEAF]     * Prefix: "layout"
[THYMELEAF] TEMPLATE ENGINE CONFIGURED OK
2018-01-09 00:47:39.300 INFO   http-nio-8080-exec-5 org.thymeleaf.TemplateEngine.initialize [THYMELEAF] TEMPLATE ENGINE INITIALIZED
